#
# There is insufficient memory for the Java Runtime Environment to continue.
# Native memory allocation (mmap) failed to map 266338304 bytes for Failed to commit area from 0x0000000702600000 to 0x0000000712400000 of length 266338304.
# Possible reasons:
#   The system is out of physical RAM or swap space
#   The process is running with CompressedOops enabled, and the Java Heap may be blocking the growth of the native heap
# Possible solutions:
#   Reduce memory load on the system
#   Increase physical memory or swap space
#   Check if swap backing store is full
#   Decrease Java heap size (-Xmx/-Xms)
#   Decrease number of Java threads
#   Decrease Java thread stack sizes (-Xss)
#   Set larger code cache with -XX:ReservedCodeCacheSize=
# This output file may be truncated or incomplete.
#
#  Out of Memory Error (./src/hotspot/os/windows/os_windows.cpp:3619), pid=14324, tid=12788
#
# JRE version:  (11.0.13) (build )
# Java VM: OpenJDK 64-Bit Server VM (11.0.13+0-b1751.21-8125866, mixed mode, sharing, tiered, compressed oops, g1 gc, windows-amd64)
# No core dump will be written. Minidumps are not enabled by default on client versions of Windows
#

---------------  S U M M A R Y ------------

Command Line: 

Host: Intel(R) Core(TM) i5-8350U CPU @ 1.70GHz, 8 cores, 15G,  Windows 10 , 64 bit Build 19041 (10.0.19041.2251)
Time: Wed Dec  7 17:13:12 2022 Pakistan Standard Time elapsed time: 0.028786 seconds (0d 0h 0m 0s)

---------------  T H R E A D  ---------------

Current thread (0x0000021843db9800):  JavaThread "Unknown thread" [_thread_in_vm, id=12788, stack(0x00000087cbe00000,0x00000087cbf00000)]

Stack: [0x00000087cbe00000,0x00000087cbf00000]
Native frames: (J=compiled Java code, j=interpreted, Vv=VM code, C=native code)
V  [jvm.dll+0x6100fa]
V  [jvm.dll+0x747090]
V  [jvm.dll+0x7486ad]
V  [jvm.dll+0x748d83]
V  [jvm.dll+0x24ab48]
V  [jvm.dll+0x60d164]
V  [jvm.dll+0x601e75]
V  [jvm.dll+0x308bdb]
V  [jvm.dll+0x308b4a]
V  [jvm.dll+0x308a22]
V  [jvm.dll+0x30d986]
V  [jvm.dll+0x357093]
V  [jvm.dll+0x357796]
V  [jvm.dll+0x357193]
V  [jvm.dll+0x2e3448]
V  [jvm.dll+0x2e45f7]
V  [jvm.dll+0x7242e7]
V  [jvm.dll+0x725adc]
V  [jvm.dll+0x364629]
V  [jvm.dll+0x707cee]
V  [jvm.dll+0x3d2633]
V  [jvm.dll+0x3d4a21]
C  [jli.dll+0x536b]
C  [ucrtbase.dll+0x21bb2]
C  [KERNEL32.DLL+0x174b4]
C  [ntdll.dll+0x526a1]


---------------  P R O C E S S  ---------------

Threads class SMR info:
_java_thread_list=0x00000218424c0830, length=0, elements={
}

Java Threads: ( => current thread )

Other Threads:
  0x0000021843dd0000 GCTaskThread "GC Thread#0" [stack: 0x00000087cbf00000,0x00000087cc000000] [id=400]
  0x0000021843e2a800 ConcurrentGCThread "G1 Main Marker" [stack: 0x00000087cc000000,0x00000087cc100000] [id=17828]
  0x0000021843e2d000 ConcurrentGCThread "G1 Conc#0" [stack: 0x00000087cc100000,0x00000087cc200000] [id=6360]

[error occurred during error reporting (printing all threads), id 0xc0000005, EXCEPTION_ACCESS_VIOLATION (0xc0000005) at pc=0x00007ffd3ab53dd7]

VM state:not at safepoint (not fully initialized)

VM Mutex/Monitor currently owned by a thread:  ([mutex/lock_event])
[0x0000021843db5ce0] Heap_lock - owner thread: 0x0000021843db9800

Heap address: 0x0000000702600000, size: 4058 MB, Compressed Oops mode: Non-zero based: 0x0000000702600000
Narrow klass base: 0x0000000000000000, Narrow klass shift: 0

GC Heap History (0 events):
No events

Deoptimization events (0 events):
No events

Classes redefined (0 events):
No events

Internal exceptions (0 events):
No events

Events (1 events):
Event: 0.018 Loaded shared library C:\Program Files\Android\Android Studio\jre\bin\zip.dll


Dynamic libraries:
0x00007ff726e90000 - 0x00007ff726e9a000 	C:\Program Files\Android\Android Studio\jre\bin\java.EXE
0x00007ffd9cef0000 - 0x00007ffd9d0e8000 	C:\WINDOWS\SYSTEM32\ntdll.dll
0x00007ffd9c7f0000 - 0x00007ffd9c8af000 	C:\WINDOWS\System32\KERNEL32.DLL
0x00007ffd9acf0000 - 0x00007ffd9afc2000 	C:\WINDOWS\System32\KERNELBASE.dll
0x00007ffd9abf0000 - 0x00007ffd9acf0000 	C:\WINDOWS\System32\ucrtbase.dll
0x00007ffd6a690000 - 0x00007ffd6a6a9000 	C:\Program Files\Android\Android Studio\jre\bin\jli.dll
0x00007ffd9cb20000 - 0x00007ffd9ccbd000 	C:\WINDOWS\System32\USER32.dll
0x00007ffd9a680000 - 0x00007ffd9a6a2000 	C:\WINDOWS\System32\win32u.dll
0x00007ffd9c0c0000 - 0x00007ffd9c0eb000 	C:\WINDOWS\System32\GDI32.dll
0x00007ffd9a860000 - 0x00007ffd9a96f000 	C:\WINDOWS\System32\gdi32full.dll
0x00007ffd9a9f0000 - 0x00007ffd9aa8d000 	C:\WINDOWS\System32\msvcp_win.dll
0x00007ffd6a670000 - 0x00007ffd6a687000 	C:\Program Files\Android\Android Studio\jre\bin\VCRUNTIME140.dll
0x00007ffd81ed0000 - 0x00007ffd8216a000 	C:\WINDOWS\WinSxS\amd64_microsoft.windows.common-controls_6595b64144ccf1df_6.0.19041.1110_none_60b5254171f9507e\COMCTL32.dll
0x00007ffd9cd80000 - 0x00007ffd9ce1e000 	C:\WINDOWS\System32\msvcrt.dll
0x00007ffd9b1e0000 - 0x00007ffd9b212000 	C:\WINDOWS\System32\IMM32.DLL
0x00007ffd68440000 - 0x00007ffd684dd000 	C:\Program Files\Android\Android Studio\jre\bin\msvcp140.dll
0x00007ffd3a860000 - 0x00007ffd3b362000 	C:\Program Files\Android\Android Studio\jre\bin\server\jvm.dll
0x00007ffd9b130000 - 0x00007ffd9b1de000 	C:\WINDOWS\System32\ADVAPI32.dll
0x00007ffd9afd0000 - 0x00007ffd9b06c000 	C:\WINDOWS\System32\sechost.dll
0x00007ffd9be60000 - 0x00007ffd9bf85000 	C:\WINDOWS\System32\RPCRT4.dll
0x00007ffd9cd70000 - 0x00007ffd9cd78000 	C:\WINDOWS\System32\PSAPI.DLL
0x00007ffd925d0000 - 0x00007ffd925d9000 	C:\WINDOWS\SYSTEM32\WSOCK32.dll
0x00007ffd9c8b0000 - 0x00007ffd9c91b000 	C:\WINDOWS\System32\WS2_32.dll
0x00007ffd83480000 - 0x00007ffd834a7000 	C:\WINDOWS\SYSTEM32\WINMM.dll
0x00007ffd8ca10000 - 0x00007ffd8ca1a000 	C:\WINDOWS\SYSTEM32\VERSION.dll
0x00007ffd98ee0000 - 0x00007ffd98ef2000 	C:\WINDOWS\SYSTEM32\kernel.appcore.dll
0x00007ffd3e770000 - 0x00007ffd3e781000 	C:\Program Files\Android\Android Studio\jre\bin\verify.dll
0x00007ffd989e0000 - 0x00007ffd98bc4000 	C:\WINDOWS\SYSTEM32\DBGHELP.DLL
0x00007ffd7d930000 - 0x00007ffd7d95c000 	C:\WINDOWS\SYSTEM32\dbgcore.DLL
0x00007ffd9a720000 - 0x00007ffd9a7a2000 	C:\WINDOWS\System32\bcryptPrimitives.dll
0x00007ffd3e740000 - 0x00007ffd3e769000 	C:\Program Files\Android\Android Studio\jre\bin\java.dll
0x00007ffd925c0000 - 0x00007ffd925cb000 	C:\Program Files\Android\Android Studio\jre\bin\jimage.dll
0x00007ffd3e720000 - 0x00007ffd3e738000 	C:\Program Files\Android\Android Studio\jre\bin\zip.dll

dbghelp: loaded successfully - version: 4.0.5 - missing functions: none
symbol engine: initialized successfully - sym options: 0x614 - pdb path: .;C:\Program Files\Android\Android Studio\jre\bin;C:\WINDOWS\SYSTEM32;C:\WINDOWS\WinSxS\amd64_microsoft.windows.common-controls_6595b64144ccf1df_6.0.19041.1110_none_60b5254171f9507e;C:\Program Files\Android\Android Studio\jre\bin\server

VM Arguments:
java_command: <unknown>
java_class_path (initial): <not set>
Launcher Type: SUN_STANDARD

[Global flags]
     intx CICompilerCount                          = 4                                         {product} {ergonomic}
     uint ConcGCThreads                            = 2                                         {product} {ergonomic}
     uint G1ConcRefinementThreads                  = 8                                         {product} {ergonomic}
   size_t G1HeapRegionSize                         = 1048576                                   {product} {ergonomic}
    uintx GCDrainStackTargetSize                   = 64                                        {product} {ergonomic}
   size_t InitialHeapSize                          = 266338304                                 {product} {ergonomic}
   size_t MarkStackSize                            = 4194304                                   {product} {ergonomic}
   size_t MaxHeapSize                              = 4255121408                                {product} {ergonomic}
   size_t MinHeapDeltaBytes                        = 1048576                                   {product} {ergonomic}
    uintx NonNMethodCodeHeapSize                   = 5836300                                {pd product} {ergonomic}
    uintx NonProfiledCodeHeapSize                  = 122910970                              {pd product} {ergonomic}
    uintx ProfiledCodeHeapSize                     = 122910970                              {pd product} {ergonomic}
    uintx ReservedCodeCacheSize                    = 251658240                              {pd product} {ergonomic}
     bool SegmentedCodeCache                       = true                                      {product} {ergonomic}
     bool UseCompressedClassPointers               = true                                 {lp64_product} {ergonomic}
     bool UseCompressedOops                        = true                                 {lp64_product} {ergonomic}
     bool UseG1GC                                  = true                                      {product} {ergonomic}
     bool UseLargePagesIndividualAllocation        = false                                  {pd product} {ergonomic}

Logging:
Log output configuration:
 #0: stdout all=warning uptime,level,tags
 #1: stderr all=off uptime,level,tags

Environment Variables:
PATH=C:\Program Files\Python310\Scripts\;C:\Program Files\Python310\;C:\WINDOWS\system32;C:\WINDOWS;C:\WINDOWS\System32\Wbem;C:\WINDOWS\System32\WindowsPowerShell\v1.0\;C:\WINDOWS\System32\OpenSSH\;C:\Program Files\Git\cmd;C:\Program Files\nodejs\;E:\xampp8\php;C:\ProgramData\ComposerSetup\bin;C:\Program Files\Microsoft SQL Server\150\Tools\Binn\;C:\Program Files\dotnet\;C:\Users\Hammad Arshad\AppData\Local\Microsoft\WindowsApps;C:\Users\Hammad Arshad\AppData\Roaming\npm;C:\Users\Hammad Arshad\AppData\Roaming\Composer\vendor\bin;C:\Users\Hammad Arshad\.dotnet\tools;C:\Program Files\JetBrains\PyCharm Community Edition 2022.1.1\bin;;C:\Program Files\JetBrains\DataGrip 2022.2.1\bin;;C:\Users\Hammad Arshad\AppData\Local\Programs\Microsoft VS Code\bin;E:\xampp8\php;C:\src\flutter\bin;;C:\src\flutter\bin\mingit\cmd
USERNAME=Hammad Arshad
OS=Windows_NT
PROCESSOR_IDENTIFIER=Intel64 Family 6 Model 142 Stepping 10, GenuineIntel



---------------  S Y S T E M  ---------------

OS: Windows 10 , 64 bit Build 19041 (10.0.19041.2251)
OS uptime: 1 days 4:07 hours
Hyper-V role detected

CPU:total 8 (initial active 8) (4 cores per cpu, 2 threads per core) family 6 model 142 stepping 10 microcode 0xe0, cmov, cx8, fxsr, mmx, sse, sse2, sse3, ssse3, sse4.1, sse4.2, popcnt, avx, avx2, aes, clmul, erms, rtm, 3dnowpref, lzcnt, ht, tsc, tscinvbit, bmi1, bmi2, adx, fma

Memory: 4k page, system-wide physical 16227M (1845M free)
TotalPageFile size 28914M (AvailPageFile size 132M)
current process WorkingSet (physical memory assigned to process): 10M, peak: 10M
current process commit charge ("private bytes"): 60M, peak: 314M

vm_info: OpenJDK 64-Bit Server VM (11.0.13+0-b1751.21-8125866) for windows-amd64 JRE (11.0.13+0-b1751.21-8125866), built on Feb  2 2022 03:00:22 by "builder" with MS VC++ 14.0 (VS2015)

END.
