#
# There is insufficient memory for the Java Runtime Environment to continue.
# Native memory allocation (malloc) failed to allocate 325936 bytes for Chunk::new
# Possible reasons:
#   The system is out of physical RAM or swap space
#   The process is running with CompressedOops enabled, and the Java Heap may be blocking the growth of the native heap
# Possible solutions:
#   Reduce memory load on the system
#   Increase physical memory or swap space
#   Check if swap backing store is full
#   Decrease Java heap size (-Xmx/-Xms)
#   Decrease number of Java threads
#   Decrease Java thread stack sizes (-Xss)
#   Set larger code cache with -XX:ReservedCodeCacheSize=
#   JVM is running with Zero Based Compressed Oops mode in which the Java heap is
#     placed in the first 32GB address space. The Java Heap base address is the
#     maximum limit for the native heap growth. Please use -XX:HeapBaseMinAddress
#     to set the Java Heap base and to place the Java Heap above 32GB virtual address.
# This output file may be truncated or incomplete.
#
#  Out of Memory Error (./src/hotspot/share/memory/arena.cpp:197), pid=10000, tid=19324
#
# JRE version: OpenJDK Runtime Environment (11.0.13) (build 11.0.13+0-b1751.21-8125866)
# Java VM: OpenJDK 64-Bit Server VM (11.0.13+0-b1751.21-8125866, mixed mode, tiered, compressed oops, g1 gc, windows-amd64)
# No core dump will be written. Minidumps are not enabled by default on client versions of Windows
#

---------------  S U M M A R Y ------------

Command Line: -Dorg.gradle.appname=gradlew org.gradle.wrapper.GradleWrapperMain -q -Ptarget-platform=android-x64 -Ptarget=F:\Development\Flutter\weatherapp_starter_project\lib\main.dart -Pbase-application-name=android.app.Application -Pdart-defines=Zmx1dHRlci5pbnNwZWN0b3Iuc3RydWN0dXJlZEVycm9ycz10cnVl,RkxVVFRFUl9XRUJfQVVUT19ERVRFQ1Q9dHJ1ZQ== -Pdart-obfuscation=false -Ptrack-widget-creation=true -Ptree-shake-icons=false -Pfilesystem-scheme=org-dartlang-root assembleDebug

Host: Intel(R) Core(TM) i5-8350U CPU @ 1.70GHz, 8 cores, 15G,  Windows 10 , 64 bit Build 19041 (10.0.19041.2251)
Time: Wed Dec  7 16:56:39 2022 Pakistan Standard Time elapsed time: 2.552757 seconds (0d 0h 0m 2s)

---------------  T H R E A D  ---------------

Current thread (0x00000273a47bb800):  JavaThread "C2 CompilerThread0" daemon [_thread_in_native, id=19324, stack(0x000000993ca00000,0x000000993cb00000)]


Current CompileTask:
C2:   2552 1007   !   4       java.util.concurrent.ConcurrentHashMap::putVal (432 bytes)

Stack: [0x000000993ca00000,0x000000993cb00000]
Native frames: (J=compiled Java code, j=interpreted, Vv=VM code, C=native code)
V  [jvm.dll+0x6100fa]
V  [jvm.dll+0x747090]
V  [jvm.dll+0x7486ad]
V  [jvm.dll+0x748d83]
V  [jvm.dll+0x24ab48]
V  [jvm.dll+0xc04dc]
V  [jvm.dll+0xc0a0c]
V  [jvm.dll+0x35eb5b]
V  [jvm.dll+0x32b833]
V  [jvm.dll+0x32ad2a]
V  [jvm.dll+0x2032b2]
V  [jvm.dll+0x202437]
V  [jvm.dll+0x188e01]
V  [jvm.dll+0x21106b]
V  [jvm.dll+0x20f8c1]
V  [jvm.dll+0x70de0f]
V  [jvm.dll+0x706a75]
V  [jvm.dll+0x60ed66]
C  [ucrtbase.dll+0x21bb2]
C  [KERNEL32.DLL+0x174b4]
C  [ntdll.dll+0x526a1]


---------------  P R O C E S S  ---------------

Threads class SMR info:
_java_thread_list=0x00000273a5ddeec0, length=12, elements={
0x000002738572c000, 0x00000273a478c800, 0x00000273a478d800, 0x00000273a50b1800,
0x00000273a50b4800, 0x00000273a47ad000, 0x00000273a47bb800, 0x00000273a50b7000,
0x00000273a50c8800, 0x00000273a521f000, 0x00000273a5c18800, 0x00000273a5eaa800
}

Java Threads: ( => current thread )
  0x000002738572c000 JavaThread "main" [_thread_blocked, id=10820, stack(0x000000993be00000,0x000000993bf00000)]
  0x00000273a478c800 JavaThread "Reference Handler" daemon [_thread_blocked, id=11532, stack(0x000000993c500000,0x000000993c600000)]
  0x00000273a478d800 JavaThread "Finalizer" daemon [_thread_blocked, id=10180, stack(0x000000993c600000,0x000000993c700000)]
  0x00000273a50b1800 JavaThread "Signal Dispatcher" daemon [_thread_blocked, id=18212, stack(0x000000993c700000,0x000000993c800000)]
  0x00000273a50b4800 JavaThread "Attach Listener" daemon [_thread_blocked, id=10432, stack(0x000000993c800000,0x000000993c900000)]
  0x00000273a47ad000 JavaThread "Service Thread" daemon [_thread_blocked, id=3784, stack(0x000000993c900000,0x000000993ca00000)]
=>0x00000273a47bb800 JavaThread "C2 CompilerThread0" daemon [_thread_in_native, id=19324, stack(0x000000993ca00000,0x000000993cb00000)]
  0x00000273a50b7000 JavaThread "C1 CompilerThread0" daemon [_thread_blocked, id=4916, stack(0x000000993cb00000,0x000000993cc00000)]
  0x00000273a50c8800 JavaThread "Sweeper thread" daemon [_thread_blocked, id=18796, stack(0x000000993cc00000,0x000000993cd00000)]
  0x00000273a521f000 JavaThread "Common-Cleaner" daemon [_thread_blocked, id=19064, stack(0x000000993ce00000,0x000000993cf00000)]
  0x00000273a5c18800 JavaThread "C2 CompilerThread1" daemon [_thread_blocked, id=13668, stack(0x000000993cf00000,0x000000993d000000)]
  0x00000273a5eaa800 JavaThread "pool-1-thread-1" [_thread_blocked, id=4432, stack(0x000000993d500000,0x000000993d600000)]

Other Threads:
  0x00000273a4788000 VMThread "VM Thread" [stack: 0x000000993c400000,0x000000993c500000] [id=2932]
  0x00000273a5214800 WatcherThread [stack: 0x000000993cd00000,0x000000993ce00000] [id=8848]
  0x0000027385744800 GCTaskThread "GC Thread#0" [stack: 0x000000993bf00000,0x000000993c000000] [id=13436]
  0x00000273a5dbf000 GCTaskThread "GC Thread#1" [stack: 0x000000993d000000,0x000000993d100000] [id=7248]
  0x00000273a6122800 GCTaskThread "GC Thread#2" [stack: 0x000000993d100000,0x000000993d200000] [id=10572]
  0x00000273a6123000 GCTaskThread "GC Thread#3" [stack: 0x000000993d200000,0x000000993d300000] [id=5152]
  0x00000273a6124000 GCTaskThread "GC Thread#4" [stack: 0x000000993d300000,0x000000993d400000] [id=5164]
  0x00000273a611f000 GCTaskThread "GC Thread#5" [stack: 0x000000993d400000,0x000000993d500000] [id=18652]
  0x00000273857a0000 ConcurrentGCThread "G1 Main Marker" [stack: 0x000000993c000000,0x000000993c100000] [id=3516]
  0x00000273857a1800 ConcurrentGCThread "G1 Conc#0" [stack: 0x000000993c100000,0x000000993c200000] [id=10372]
  0x00000273a6120800 ConcurrentGCThread "G1 Conc#1" [stack: 0x000000993d600000,0x000000993d700000] [id=16016]
  0x000002738580e000 ConcurrentGCThread "G1 Refine#0" [stack: 0x000000993c200000,0x000000993c300000] [id=11820]
  0x00000273a4675800 ConcurrentGCThread "G1 Young RemSet Sampling" [stack: 0x000000993c300000,0x000000993c400000] [id=12684]

Threads with active compile tasks:
C2 CompilerThread0   2601 1007   !   4       java.util.concurrent.ConcurrentHashMap::putVal (432 bytes)

VM state:at safepoint (normal execution)

VM Mutex/Monitor currently owned by a thread:  ([mutex/lock_event])
[0x0000027385728f90] Threads_lock - owner thread: 0x00000273a4788000
[0x0000027385727d90] Heap_lock - owner thread: 0x000002738572c000

Heap address: 0x0000000702600000, size: 4058 MB, Compressed Oops mode: Zero based, Oop shift amount: 3
Narrow klass base: 0x0000000800000000, Narrow klass shift: 0
Compressed class space size: 1073741824 Address: 0x0000000800000000

Heap:
 garbage-first heap   total 260096K, used 10064K [0x0000000702600000, 0x0000000800000000)
  region size 1024K, 1 young (1024K), 1 survivors (1024K)
 Metaspace       used 12181K, capacity 12444K, committed 12544K, reserved 1079296K
  class space    used 1335K, capacity 1448K, committed 1536K, reserved 1048576K
Heap Regions: E=young(eden), S=young(survivor), O=old, HS=humongous(starts), HC=humongous(continues), CS=collection set, F=free, A=archive, TAMS=top-at-mark-start (previous, next)
|   0|0x0000000702600000, 0x0000000702700000, 0x0000000702700000|100%| O|  |TAMS 0x0000000702600000, 0x0000000702700000| Untracked 
|   1|0x0000000702700000, 0x0000000702800000, 0x0000000702800000|100%| O|  |TAMS 0x0000000702700000, 0x0000000702800000| Untracked 
|   2|0x0000000702800000, 0x0000000702847e00, 0x0000000702900000| 28%| O|  |TAMS 0x0000000702800000, 0x0000000702847e00| Untracked 
|   3|0x0000000702900000, 0x0000000702a00000, 0x0000000702a00000|100%|HS|  |TAMS 0x0000000702a00000, 0x0000000702a00000| Complete 
|   4|0x0000000702a00000, 0x0000000702b00000, 0x0000000702b00000|100%|HC|  |TAMS 0x0000000702b00000, 0x0000000702b00000| Complete 
|   5|0x0000000702b00000, 0x0000000702c00000, 0x0000000702c00000|100%|HC|  |TAMS 0x0000000702c00000, 0x0000000702c00000| Complete 
|   6|0x0000000702c00000, 0x0000000702d00000, 0x0000000702d00000|100%| O|  |TAMS 0x0000000702d00000, 0x0000000702d00000| Untracked 
|   7|0x0000000702d00000, 0x0000000702e00000, 0x0000000702e00000|100%| O|  |TAMS 0x0000000702e00000, 0x0000000702e00000| Untracked 
|   8|0x0000000702e00000, 0x0000000702f00000, 0x0000000702f00000|100%| O|  |TAMS 0x0000000702f00000, 0x0000000702f00000| Untracked 
|   9|0x0000000702f00000, 0x0000000703000000, 0x0000000703000000|100%| O|  |TAMS 0x0000000702f31e00, 0x0000000703000000| Untracked 
|  10|0x0000000703000000, 0x0000000703000000, 0x0000000703100000|  0%| F|  |TAMS 0x0000000703000000, 0x0000000703000000| Untracked 
|  11|0x0000000703100000, 0x0000000703100000, 0x0000000703200000|  0%| F|  |TAMS 0x0000000703100000, 0x0000000703100000| Untracked 
|  12|0x0000000703200000, 0x0000000703200000, 0x0000000703300000|  0%| F|  |TAMS 0x0000000703200000, 0x0000000703200000| Untracked 
|  13|0x0000000703300000, 0x0000000703300000, 0x0000000703400000|  0%| F|  |TAMS 0x0000000703300000, 0x0000000703300000| Untracked 
|  14|0x0000000703400000, 0x0000000703400000, 0x0000000703500000|  0%| F|  |TAMS 0x0000000703400000, 0x0000000703400000| Untracked 
|  15|0x0000000703500000, 0x0000000703500000, 0x0000000703600000|  0%| F|  |TAMS 0x0000000703500000, 0x0000000703500000| Untracked 
|  16|0x0000000703600000, 0x0000000703600000, 0x0000000703700000|  0%| F|  |TAMS 0x0000000703600000, 0x0000000703600000| Untracked 
|  17|0x0000000703700000, 0x0000000703700000, 0x0000000703800000|  0%| F|  |TAMS 0x0000000703700000, 0x0000000703700000| Untracked 
|  18|0x0000000703800000, 0x0000000703800000, 0x0000000703900000|  0%| F|  |TAMS 0x0000000703800000, 0x0000000703800000| Untracked 
|  19|0x0000000703900000, 0x0000000703900000, 0x0000000703a00000|  0%| F|  |TAMS 0x0000000703900000, 0x0000000703900000| Untracked 
|  20|0x0000000703a00000, 0x0000000703a00000, 0x0000000703b00000|  0%| F|  |TAMS 0x0000000703a00000, 0x0000000703a00000| Untracked 
|  21|0x0000000703b00000, 0x0000000703b00000, 0x0000000703c00000|  0%| F|  |TAMS 0x0000000703b00000, 0x0000000703b00000| Untracked 
|  22|0x0000000703c00000, 0x0000000703c00000, 0x0000000703d00000|  0%| F|  |TAMS 0x0000000703c00000, 0x0000000703c00000| Untracked 
|  23|0x0000000703d00000, 0x0000000703d00000, 0x0000000703e00000|  0%| F|  |TAMS 0x0000000703d00000, 0x0000000703d00000| Untracked 
|  24|0x0000000703e00000, 0x0000000703e00000, 0x0000000703f00000|  0%| F|  |TAMS 0x0000000703e00000, 0x0000000703e00000| Untracked 
|  25|0x0000000703f00000, 0x0000000703f00000, 0x0000000704000000|  0%| F|  |TAMS 0x0000000703f00000, 0x0000000703f00000| Untracked 
|  26|0x0000000704000000, 0x0000000704000000, 0x0000000704100000|  0%| F|  |TAMS 0x0000000704000000, 0x0000000704000000| Untracked 
|  27|0x0000000704100000, 0x0000000704100000, 0x0000000704200000|  0%| F|  |TAMS 0x0000000704100000, 0x0000000704100000| Untracked 
|  28|0x0000000704200000, 0x0000000704200000, 0x0000000704300000|  0%| F|  |TAMS 0x0000000704200000, 0x0000000704200000| Untracked 
|  29|0x0000000704300000, 0x0000000704300000, 0x0000000704400000|  0%| F|  |TAMS 0x0000000704300000, 0x0000000704300000| Untracked 
|  30|0x0000000704400000, 0x0000000704400000, 0x0000000704500000|  0%| F|  |TAMS 0x0000000704400000, 0x0000000704400000| Untracked 
|  31|0x0000000704500000, 0x0000000704500000, 0x0000000704600000|  0%| F|  |TAMS 0x0000000704500000, 0x0000000704500000| Untracked 
|  32|0x0000000704600000, 0x0000000704600000, 0x0000000704700000|  0%| F|  |TAMS 0x0000000704600000, 0x0000000704600000| Untracked 
|  33|0x0000000704700000, 0x0000000704700000, 0x0000000704800000|  0%| F|  |TAMS 0x0000000704700000, 0x0000000704700000| Untracked 
|  34|0x0000000704800000, 0x0000000704800000, 0x0000000704900000|  0%| F|  |TAMS 0x0000000704800000, 0x0000000704800000| Untracked 
|  35|0x0000000704900000, 0x0000000704900000, 0x0000000704a00000|  0%| F|  |TAMS 0x0000000704900000, 0x0000000704900000| Untracked 
|  36|0x0000000704a00000, 0x0000000704a00000, 0x0000000704b00000|  0%| F|  |TAMS 0x0000000704a00000, 0x0000000704a00000| Untracked 
|  37|0x0000000704b00000, 0x0000000704b00000, 0x0000000704c00000|  0%| F|  |TAMS 0x0000000704b00000, 0x0000000704b00000| Untracked 
|  38|0x0000000704c00000, 0x0000000704c00000, 0x0000000704d00000|  0%| F|  |TAMS 0x0000000704c00000, 0x0000000704c00000| Untracked 
|  39|0x0000000704d00000, 0x0000000704d00000, 0x0000000704e00000|  0%| F|  |TAMS 0x0000000704d00000, 0x0000000704d00000| Untracked 
|  40|0x0000000704e00000, 0x0000000704e00000, 0x0000000704f00000|  0%| F|  |TAMS 0x0000000704e00000, 0x0000000704e00000| Untracked 
|  41|0x0000000704f00000, 0x0000000704f00000, 0x0000000705000000|  0%| F|  |TAMS 0x0000000704f00000, 0x0000000704f00000| Untracked 
|  42|0x0000000705000000, 0x0000000705000000, 0x0000000705100000|  0%| F|  |TAMS 0x0000000705000000, 0x0000000705000000| Untracked 
|  43|0x0000000705100000, 0x0000000705100000, 0x0000000705200000|  0%| F|  |TAMS 0x0000000705100000, 0x0000000705100000| Untracked 
|  44|0x0000000705200000, 0x0000000705200000, 0x0000000705300000|  0%| F|  |TAMS 0x0000000705200000, 0x0000000705200000| Untracked 
|  45|0x0000000705300000, 0x0000000705300000, 0x0000000705400000|  0%| F|  |TAMS 0x0000000705300000, 0x0000000705300000| Untracked 
|  46|0x0000000705400000, 0x0000000705400000, 0x0000000705500000|  0%| F|  |TAMS 0x0000000705400000, 0x0000000705400000| Untracked 
|  47|0x0000000705500000, 0x0000000705500000, 0x0000000705600000|  0%| F|  |TAMS 0x0000000705500000, 0x0000000705500000| Untracked 
|  48|0x0000000705600000, 0x0000000705600000, 0x0000000705700000|  0%| F|  |TAMS 0x0000000705600000, 0x0000000705600000| Untracked 
|  49|0x0000000705700000, 0x0000000705700000, 0x0000000705800000|  0%| F|  |TAMS 0x0000000705700000, 0x0000000705700000| Untracked 
|  50|0x0000000705800000, 0x0000000705800000, 0x0000000705900000|  0%| F|  |TAMS 0x0000000705800000, 0x0000000705800000| Untracked 
|  51|0x0000000705900000, 0x0000000705900000, 0x0000000705a00000|  0%| F|  |TAMS 0x0000000705900000, 0x0000000705900000| Untracked 
|  52|0x0000000705a00000, 0x0000000705a00000, 0x0000000705b00000|  0%| F|  |TAMS 0x0000000705a00000, 0x0000000705a00000| Untracked 
|  53|0x0000000705b00000, 0x0000000705b00000, 0x0000000705c00000|  0%| F|  |TAMS 0x0000000705b00000, 0x0000000705b00000| Untracked 
|  54|0x0000000705c00000, 0x0000000705c00000, 0x0000000705d00000|  0%| F|  |TAMS 0x0000000705c00000, 0x0000000705c00000| Untracked 
|  55|0x0000000705d00000, 0x0000000705d00000, 0x0000000705e00000|  0%| F|  |TAMS 0x0000000705d00000, 0x0000000705d00000| Untracked 
|  56|0x0000000705e00000, 0x0000000705e00000, 0x0000000705f00000|  0%| F|  |TAMS 0x0000000705e00000, 0x0000000705e00000| Untracked 
|  57|0x0000000705f00000, 0x0000000705f00000, 0x0000000706000000|  0%| F|  |TAMS 0x0000000705f00000, 0x0000000705f00000| Untracked 
|  58|0x0000000706000000, 0x0000000706000000, 0x0000000706100000|  0%| F|  |TAMS 0x0000000706000000, 0x0000000706000000| Untracked 
|  59|0x0000000706100000, 0x0000000706100000, 0x0000000706200000|  0%| F|  |TAMS 0x0000000706100000, 0x0000000706100000| Untracked 
|  60|0x0000000706200000, 0x0000000706200000, 0x0000000706300000|  0%| F|  |TAMS 0x0000000706200000, 0x0000000706200000| Untracked 
|  61|0x0000000706300000, 0x0000000706300000, 0x0000000706400000|  0%| F|  |TAMS 0x0000000706300000, 0x0000000706300000| Untracked 
|  62|0x0000000706400000, 0x0000000706400000, 0x0000000706500000|  0%| F|  |TAMS 0x0000000706400000, 0x0000000706400000| Untracked 
|  63|0x0000000706500000, 0x0000000706500000, 0x0000000706600000|  0%| F|  |TAMS 0x0000000706500000, 0x0000000706500000| Untracked 
|  64|0x0000000706600000, 0x0000000706600000, 0x0000000706700000|  0%| F|  |TAMS 0x0000000706600000, 0x0000000706600000| Untracked 
|  65|0x0000000706700000, 0x0000000706700000, 0x0000000706800000|  0%| F|  |TAMS 0x0000000706700000, 0x0000000706700000| Untracked 
|  66|0x0000000706800000, 0x0000000706800000, 0x0000000706900000|  0%| F|  |TAMS 0x0000000706800000, 0x0000000706800000| Untracked 
|  67|0x0000000706900000, 0x0000000706900000, 0x0000000706a00000|  0%| F|  |TAMS 0x0000000706900000, 0x0000000706900000| Untracked 
|  68|0x0000000706a00000, 0x0000000706a00000, 0x0000000706b00000|  0%| F|  |TAMS 0x0000000706a00000, 0x0000000706a00000| Untracked 
|  69|0x0000000706b00000, 0x0000000706b00000, 0x0000000706c00000|  0%| F|  |TAMS 0x0000000706b00000, 0x0000000706b00000| Untracked 
|  70|0x0000000706c00000, 0x0000000706c00000, 0x0000000706d00000|  0%| F|  |TAMS 0x0000000706c00000, 0x0000000706c00000| Untracked 
|  71|0x0000000706d00000, 0x0000000706d00000, 0x0000000706e00000|  0%| F|  |TAMS 0x0000000706d00000, 0x0000000706d00000| Untracked 
|  72|0x0000000706e00000, 0x0000000706e00000, 0x0000000706f00000|  0%| F|  |TAMS 0x0000000706e00000, 0x0000000706e00000| Untracked 
|  73|0x0000000706f00000, 0x0000000706f00000, 0x0000000707000000|  0%| F|  |TAMS 0x0000000706f00000, 0x0000000706f00000| Untracked 
|  74|0x0000000707000000, 0x0000000707000000, 0x0000000707100000|  0%| F|  |TAMS 0x0000000707000000, 0x0000000707000000| Untracked 
|  75|0x0000000707100000, 0x0000000707100000, 0x0000000707200000|  0%| F|  |TAMS 0x0000000707100000, 0x0000000707100000| Untracked 
|  76|0x0000000707200000, 0x0000000707200000, 0x0000000707300000|  0%| F|  |TAMS 0x0000000707200000, 0x0000000707200000| Untracked 
|  77|0x0000000707300000, 0x0000000707300000, 0x0000000707400000|  0%| F|  |TAMS 0x0000000707300000, 0x0000000707300000| Untracked 
|  78|0x0000000707400000, 0x0000000707400000, 0x0000000707500000|  0%| F|  |TAMS 0x0000000707400000, 0x0000000707400000| Untracked 
|  79|0x0000000707500000, 0x0000000707500000, 0x0000000707600000|  0%| F|  |TAMS 0x0000000707500000, 0x0000000707500000| Untracked 
|  80|0x0000000707600000, 0x0000000707600000, 0x0000000707700000|  0%| F|  |TAMS 0x0000000707600000, 0x0000000707600000| Untracked 
|  81|0x0000000707700000, 0x0000000707700000, 0x0000000707800000|  0%| F|  |TAMS 0x0000000707700000, 0x0000000707700000| Untracked 
|  82|0x0000000707800000, 0x0000000707800000, 0x0000000707900000|  0%| F|  |TAMS 0x0000000707800000, 0x0000000707800000| Untracked 
|  83|0x0000000707900000, 0x0000000707900000, 0x0000000707a00000|  0%| F|  |TAMS 0x0000000707900000, 0x0000000707900000| Untracked 
|  84|0x0000000707a00000, 0x0000000707a00000, 0x0000000707b00000|  0%| F|  |TAMS 0x0000000707a00000, 0x0000000707a00000| Untracked 
|  85|0x0000000707b00000, 0x0000000707b00000, 0x0000000707c00000|  0%| F|  |TAMS 0x0000000707b00000, 0x0000000707b00000| Untracked 
|  86|0x0000000707c00000, 0x0000000707c00000, 0x0000000707d00000|  0%| F|  |TAMS 0x0000000707c00000, 0x0000000707c00000| Untracked 
|  87|0x0000000707d00000, 0x0000000707d00000, 0x0000000707e00000|  0%| F|  |TAMS 0x0000000707d00000, 0x0000000707d00000| Untracked 
|  88|0x0000000707e00000, 0x0000000707e00000, 0x0000000707f00000|  0%| F|  |TAMS 0x0000000707e00000, 0x0000000707e00000| Untracked 
|  89|0x0000000707f00000, 0x0000000707f00000, 0x0000000708000000|  0%| F|  |TAMS 0x0000000707f00000, 0x0000000707f00000| Untracked 
|  90|0x0000000708000000, 0x0000000708000000, 0x0000000708100000|  0%| F|  |TAMS 0x0000000708000000, 0x0000000708000000| Untracked 
|  91|0x0000000708100000, 0x0000000708100000, 0x0000000708200000|  0%| F|  |TAMS 0x0000000708100000, 0x0000000708100000| Untracked 
|  92|0x0000000708200000, 0x0000000708200000, 0x0000000708300000|  0%| F|  |TAMS 0x0000000708200000, 0x0000000708200000| Untracked 
|  93|0x0000000708300000, 0x0000000708300000, 0x0000000708400000|  0%| F|  |TAMS 0x0000000708300000, 0x0000000708300000| Untracked 
|  94|0x0000000708400000, 0x0000000708400000, 0x0000000708500000|  0%| F|  |TAMS 0x0000000708400000, 0x0000000708400000| Untracked 
|  95|0x0000000708500000, 0x0000000708500000, 0x0000000708600000|  0%| F|  |TAMS 0x0000000708500000, 0x0000000708500000| Untracked 
|  96|0x0000000708600000, 0x0000000708600000, 0x0000000708700000|  0%| F|  |TAMS 0x0000000708600000, 0x0000000708600000| Untracked 
|  97|0x0000000708700000, 0x0000000708700000, 0x0000000708800000|  0%| F|  |TAMS 0x0000000708700000, 0x0000000708700000| Untracked 
|  98|0x0000000708800000, 0x0000000708800000, 0x0000000708900000|  0%| F|  |TAMS 0x0000000708800000, 0x0000000708800000| Untracked 
|  99|0x0000000708900000, 0x0000000708900000, 0x0000000708a00000|  0%| F|  |TAMS 0x0000000708900000, 0x0000000708900000| Untracked 
| 100|0x0000000708a00000, 0x0000000708a00000, 0x0000000708b00000|  0%| F|  |TAMS 0x0000000708a00000, 0x0000000708a00000| Untracked 
| 101|0x0000000708b00000, 0x0000000708b00000, 0x0000000708c00000|  0%| F|  |TAMS 0x0000000708b00000, 0x0000000708b00000| Untracked 
| 102|0x0000000708c00000, 0x0000000708c00000, 0x0000000708d00000|  0%| F|  |TAMS 0x0000000708c00000, 0x0000000708c00000| Untracked 
| 103|0x0000000708d00000, 0x0000000708d00000, 0x0000000708e00000|  0%| F|  |TAMS 0x0000000708d00000, 0x0000000708d00000| Untracked 
| 104|0x0000000708e00000, 0x0000000708e00000, 0x0000000708f00000|  0%| F|  |TAMS 0x0000000708e00000, 0x0000000708e00000| Untracked 
| 105|0x0000000708f00000, 0x0000000708f00000, 0x0000000709000000|  0%| F|  |TAMS 0x0000000708f00000, 0x0000000708f00000| Untracked 
| 106|0x0000000709000000, 0x0000000709000000, 0x0000000709100000|  0%| F|  |TAMS 0x0000000709000000, 0x0000000709000000| Untracked 
| 107|0x0000000709100000, 0x0000000709100000, 0x0000000709200000|  0%| F|  |TAMS 0x0000000709100000, 0x0000000709100000| Untracked 
| 108|0x0000000709200000, 0x0000000709200000, 0x0000000709300000|  0%| F|  |TAMS 0x0000000709200000, 0x0000000709200000| Untracked 
| 109|0x0000000709300000, 0x0000000709300000, 0x0000000709400000|  0%| F|  |TAMS 0x0000000709300000, 0x0000000709300000| Untracked 
| 110|0x0000000709400000, 0x0000000709400000, 0x0000000709500000|  0%| F|  |TAMS 0x0000000709400000, 0x0000000709400000| Untracked 
| 111|0x0000000709500000, 0x0000000709500000, 0x0000000709600000|  0%| F|  |TAMS 0x0000000709500000, 0x0000000709500000| Untracked 
| 112|0x0000000709600000, 0x0000000709600000, 0x0000000709700000|  0%| F|  |TAMS 0x0000000709600000, 0x0000000709600000| Untracked 
| 113|0x0000000709700000, 0x0000000709700000, 0x0000000709800000|  0%| F|  |TAMS 0x0000000709700000, 0x0000000709700000| Untracked 
| 114|0x0000000709800000, 0x0000000709800000, 0x0000000709900000|  0%| F|  |TAMS 0x0000000709800000, 0x0000000709800000| Untracked 
| 115|0x0000000709900000, 0x0000000709900000, 0x0000000709a00000|  0%| F|  |TAMS 0x0000000709900000, 0x0000000709900000| Untracked 
| 116|0x0000000709a00000, 0x0000000709a00000, 0x0000000709b00000|  0%| F|  |TAMS 0x0000000709a00000, 0x0000000709a00000| Untracked 
| 117|0x0000000709b00000, 0x0000000709b00000, 0x0000000709c00000|  0%| F|  |TAMS 0x0000000709b00000, 0x0000000709b00000| Untracked 
| 118|0x0000000709c00000, 0x0000000709c00000, 0x0000000709d00000|  0%| F|  |TAMS 0x0000000709c00000, 0x0000000709c00000| Untracked 
| 119|0x0000000709d00000, 0x0000000709d00000, 0x0000000709e00000|  0%| F|  |TAMS 0x0000000709d00000, 0x0000000709d00000| Untracked 
| 120|0x0000000709e00000, 0x0000000709e00000, 0x0000000709f00000|  0%| F|  |TAMS 0x0000000709e00000, 0x0000000709e00000| Untracked 
| 121|0x0000000709f00000, 0x0000000709f00000, 0x000000070a000000|  0%| F|  |TAMS 0x0000000709f00000, 0x0000000709f00000| Untracked 
| 122|0x000000070a000000, 0x000000070a000000, 0x000000070a100000|  0%| F|  |TAMS 0x000000070a000000, 0x000000070a000000| Untracked 
| 123|0x000000070a100000, 0x000000070a100000, 0x000000070a200000|  0%| F|  |TAMS 0x000000070a100000, 0x000000070a100000| Untracked 
| 124|0x000000070a200000, 0x000000070a200000, 0x000000070a300000|  0%| F|  |TAMS 0x000000070a200000, 0x000000070a200000| Untracked 
| 125|0x000000070a300000, 0x000000070a300000, 0x000000070a400000|  0%| F|  |TAMS 0x000000070a300000, 0x000000070a300000| Untracked 
| 126|0x000000070a400000, 0x000000070a400000, 0x000000070a500000|  0%| F|  |TAMS 0x000000070a400000, 0x000000070a400000| Untracked 
| 127|0x000000070a500000, 0x000000070a500000, 0x000000070a600000|  0%| F|  |TAMS 0x000000070a500000, 0x000000070a500000| Untracked 
| 128|0x000000070a600000, 0x000000070a600000, 0x000000070a700000|  0%| F|  |TAMS 0x000000070a600000, 0x000000070a600000| Untracked 
| 129|0x000000070a700000, 0x000000070a700000, 0x000000070a800000|  0%| F|  |TAMS 0x000000070a700000, 0x000000070a700000| Untracked 
| 130|0x000000070a800000, 0x000000070a800000, 0x000000070a900000|  0%| F|  |TAMS 0x000000070a800000, 0x000000070a800000| Untracked 
| 131|0x000000070a900000, 0x000000070a900000, 0x000000070aa00000|  0%| F|  |TAMS 0x000000070a900000, 0x000000070a900000| Untracked 
| 132|0x000000070aa00000, 0x000000070aa00000, 0x000000070ab00000|  0%| F|  |TAMS 0x000000070aa00000, 0x000000070aa00000| Untracked 
| 133|0x000000070ab00000, 0x000000070ab00000, 0x000000070ac00000|  0%| F|  |TAMS 0x000000070ab00000, 0x000000070ab00000| Untracked 
| 134|0x000000070ac00000, 0x000000070ac00000, 0x000000070ad00000|  0%| F|  |TAMS 0x000000070ac00000, 0x000000070ac00000| Untracked 
| 135|0x000000070ad00000, 0x000000070ad00000, 0x000000070ae00000|  0%| F|  |TAMS 0x000000070ad00000, 0x000000070ad00000| Untracked 
| 136|0x000000070ae00000, 0x000000070ae00000, 0x000000070af00000|  0%| F|  |TAMS 0x000000070ae00000, 0x000000070ae00000| Untracked 
| 137|0x000000070af00000, 0x000000070af00000, 0x000000070b000000|  0%| F|  |TAMS 0x000000070af00000, 0x000000070af00000| Untracked 
| 138|0x000000070b000000, 0x000000070b000000, 0x000000070b100000|  0%| F|  |TAMS 0x000000070b000000, 0x000000070b000000| Untracked 
| 139|0x000000070b100000, 0x000000070b100000, 0x000000070b200000|  0%| F|  |TAMS 0x000000070b100000, 0x000000070b100000| Untracked 
| 140|0x000000070b200000, 0x000000070b200000, 0x000000070b300000|  0%| F|  |TAMS 0x000000070b200000, 0x000000070b200000| Untracked 
| 141|0x000000070b300000, 0x000000070b300000, 0x000000070b400000|  0%| F|  |TAMS 0x000000070b300000, 0x000000070b300000| Untracked 
| 142|0x000000070b400000, 0x000000070b400000, 0x000000070b500000|  0%| F|  |TAMS 0x000000070b400000, 0x000000070b400000| Untracked 
| 143|0x000000070b500000, 0x000000070b500000, 0x000000070b600000|  0%| F|  |TAMS 0x000000070b500000, 0x000000070b500000| Untracked 
| 144|0x000000070b600000, 0x000000070b600000, 0x000000070b700000|  0%| F|  |TAMS 0x000000070b600000, 0x000000070b600000| Untracked 
| 145|0x000000070b700000, 0x000000070b700000, 0x000000070b800000|  0%| F|  |TAMS 0x000000070b700000, 0x000000070b700000| Untracked 
| 146|0x000000070b800000, 0x000000070b800000, 0x000000070b900000|  0%| F|  |TAMS 0x000000070b800000, 0x000000070b800000| Untracked 
| 147|0x000000070b900000, 0x000000070b900000, 0x000000070ba00000|  0%| F|  |TAMS 0x000000070b900000, 0x000000070b900000| Untracked 
| 148|0x000000070ba00000, 0x000000070ba00000, 0x000000070bb00000|  0%| F|  |TAMS 0x000000070ba00000, 0x000000070ba00000| Untracked 
| 149|0x000000070bb00000, 0x000000070bb00000, 0x000000070bc00000|  0%| F|  |TAMS 0x000000070bb00000, 0x000000070bb00000| Untracked 
| 150|0x000000070bc00000, 0x000000070bc00000, 0x000000070bd00000|  0%| F|  |TAMS 0x000000070bc00000, 0x000000070bc00000| Untracked 
| 151|0x000000070bd00000, 0x000000070bd00000, 0x000000070be00000|  0%| F|  |TAMS 0x000000070bd00000, 0x000000070bd00000| Untracked 
| 152|0x000000070be00000, 0x000000070be00000, 0x000000070bf00000|  0%| F|  |TAMS 0x000000070be00000, 0x000000070be00000| Untracked 
| 153|0x000000070bf00000, 0x000000070bf00000, 0x000000070c000000|  0%| F|  |TAMS 0x000000070bf00000, 0x000000070bf00000| Untracked 
| 154|0x000000070c000000, 0x000000070c000000, 0x000000070c100000|  0%| F|  |TAMS 0x000000070c000000, 0x000000070c000000| Untracked 
| 155|0x000000070c100000, 0x000000070c100000, 0x000000070c200000|  0%| F|  |TAMS 0x000000070c100000, 0x000000070c100000| Untracked 
| 156|0x000000070c200000, 0x000000070c200000, 0x000000070c300000|  0%| F|  |TAMS 0x000000070c200000, 0x000000070c200000| Untracked 
| 157|0x000000070c300000, 0x000000070c300000, 0x000000070c400000|  0%| F|  |TAMS 0x000000070c300000, 0x000000070c300000| Untracked 
| 158|0x000000070c400000, 0x000000070c400000, 0x000000070c500000|  0%| F|  |TAMS 0x000000070c400000, 0x000000070c400000| Untracked 
| 159|0x000000070c500000, 0x000000070c500000, 0x000000070c600000|  0%| F|  |TAMS 0x000000070c500000, 0x000000070c500000| Untracked 
| 160|0x000000070c600000, 0x000000070c600000, 0x000000070c700000|  0%| F|  |TAMS 0x000000070c600000, 0x000000070c600000| Untracked 
| 161|0x000000070c700000, 0x000000070c700000, 0x000000070c800000|  0%| F|  |TAMS 0x000000070c700000, 0x000000070c700000| Untracked 
| 162|0x000000070c800000, 0x000000070c800000, 0x000000070c900000|  0%| F|  |TAMS 0x000000070c800000, 0x000000070c800000| Untracked 
| 163|0x000000070c900000, 0x000000070c900000, 0x000000070ca00000|  0%| F|  |TAMS 0x000000070c900000, 0x000000070c900000| Untracked 
| 164|0x000000070ca00000, 0x000000070ca00000, 0x000000070cb00000|  0%| F|  |TAMS 0x000000070ca00000, 0x000000070ca00000| Untracked 
| 165|0x000000070cb00000, 0x000000070cb00000, 0x000000070cc00000|  0%| F|  |TAMS 0x000000070cb00000, 0x000000070cb00000| Untracked 
| 166|0x000000070cc00000, 0x000000070cc00000, 0x000000070cd00000|  0%| F|  |TAMS 0x000000070cc00000, 0x000000070cc00000| Untracked 
| 167|0x000000070cd00000, 0x000000070cd00000, 0x000000070ce00000|  0%| F|  |TAMS 0x000000070cd00000, 0x000000070cd00000| Untracked 
| 168|0x000000070ce00000, 0x000000070ce00000, 0x000000070cf00000|  0%| F|  |TAMS 0x000000070ce00000, 0x000000070ce00000| Untracked 
| 169|0x000000070cf00000, 0x000000070cf00000, 0x000000070d000000|  0%| F|  |TAMS 0x000000070cf00000, 0x000000070cf00000| Untracked 
| 170|0x000000070d000000, 0x000000070d000000, 0x000000070d100000|  0%| F|  |TAMS 0x000000070d000000, 0x000000070d000000| Untracked 
| 171|0x000000070d100000, 0x000000070d100000, 0x000000070d200000|  0%| F|  |TAMS 0x000000070d100000, 0x000000070d100000| Untracked 
| 172|0x000000070d200000, 0x000000070d200000, 0x000000070d300000|  0%| F|  |TAMS 0x000000070d200000, 0x000000070d200000| Untracked 
| 173|0x000000070d300000, 0x000000070d300000, 0x000000070d400000|  0%| F|  |TAMS 0x000000070d300000, 0x000000070d300000| Untracked 
| 174|0x000000070d400000, 0x000000070d400000, 0x000000070d500000|  0%| F|  |TAMS 0x000000070d400000, 0x000000070d400000| Untracked 
| 175|0x000000070d500000, 0x000000070d500000, 0x000000070d600000|  0%| F|  |TAMS 0x000000070d500000, 0x000000070d500000| Untracked 
| 176|0x000000070d600000, 0x000000070d600000, 0x000000070d700000|  0%| F|  |TAMS 0x000000070d600000, 0x000000070d600000| Untracked 
| 177|0x000000070d700000, 0x000000070d700000, 0x000000070d800000|  0%| F|  |TAMS 0x000000070d700000, 0x000000070d700000| Untracked 
| 178|0x000000070d800000, 0x000000070d800000, 0x000000070d900000|  0%| F|  |TAMS 0x000000070d800000, 0x000000070d800000| Untracked 
| 179|0x000000070d900000, 0x000000070d900000, 0x000000070da00000|  0%| F|  |TAMS 0x000000070d900000, 0x000000070d900000| Untracked 
| 180|0x000000070da00000, 0x000000070da00000, 0x000000070db00000|  0%| F|  |TAMS 0x000000070da00000, 0x000000070da00000| Untracked 
| 181|0x000000070db00000, 0x000000070db00000, 0x000000070dc00000|  0%| F|  |TAMS 0x000000070db00000, 0x000000070db00000| Untracked 
| 182|0x000000070dc00000, 0x000000070dc00000, 0x000000070dd00000|  0%| F|  |TAMS 0x000000070dc00000, 0x000000070dc00000| Untracked 
| 183|0x000000070dd00000, 0x000000070dd00000, 0x000000070de00000|  0%| F|  |TAMS 0x000000070dd00000, 0x000000070dd00000| Untracked 
| 184|0x000000070de00000, 0x000000070de00000, 0x000000070df00000|  0%| F|  |TAMS 0x000000070de00000, 0x000000070de00000| Untracked 
| 185|0x000000070df00000, 0x000000070df00000, 0x000000070e000000|  0%| F|  |TAMS 0x000000070df00000, 0x000000070df00000| Untracked 
| 186|0x000000070e000000, 0x000000070e000000, 0x000000070e100000|  0%| F|  |TAMS 0x000000070e000000, 0x000000070e000000| Untracked 
| 187|0x000000070e100000, 0x000000070e100000, 0x000000070e200000|  0%| F|  |TAMS 0x000000070e100000, 0x000000070e100000| Untracked 
| 188|0x000000070e200000, 0x000000070e200000, 0x000000070e300000|  0%| F|  |TAMS 0x000000070e200000, 0x000000070e200000| Untracked 
| 189|0x000000070e300000, 0x000000070e300000, 0x000000070e400000|  0%| F|  |TAMS 0x000000070e300000, 0x000000070e300000| Untracked 
| 190|0x000000070e400000, 0x000000070e400000, 0x000000070e500000|  0%| F|  |TAMS 0x000000070e400000, 0x000000070e400000| Untracked 
| 191|0x000000070e500000, 0x000000070e500000, 0x000000070e600000|  0%| F|  |TAMS 0x000000070e500000, 0x000000070e500000| Untracked 
| 192|0x000000070e600000, 0x000000070e600000, 0x000000070e700000|  0%| F|  |TAMS 0x000000070e600000, 0x000000070e600000| Untracked 
| 193|0x000000070e700000, 0x000000070e700000, 0x000000070e800000|  0%| F|  |TAMS 0x000000070e700000, 0x000000070e700000| Untracked 
| 194|0x000000070e800000, 0x000000070e800000, 0x000000070e900000|  0%| F|  |TAMS 0x000000070e800000, 0x000000070e800000| Untracked 
| 195|0x000000070e900000, 0x000000070e900000, 0x000000070ea00000|  0%| F|  |TAMS 0x000000070e900000, 0x000000070e900000| Untracked 
| 196|0x000000070ea00000, 0x000000070ea00000, 0x000000070eb00000|  0%| F|  |TAMS 0x000000070ea00000, 0x000000070ea00000| Untracked 
| 197|0x000000070eb00000, 0x000000070eb00000, 0x000000070ec00000|  0%| F|  |TAMS 0x000000070eb00000, 0x000000070eb00000| Untracked 
| 198|0x000000070ec00000, 0x000000070ec00000, 0x000000070ed00000|  0%| F|  |TAMS 0x000000070ec00000, 0x000000070ec00000| Untracked 
| 199|0x000000070ed00000, 0x000000070ed00000, 0x000000070ee00000|  0%| F|  |TAMS 0x000000070ed00000, 0x000000070ed00000| Untracked 
| 200|0x000000070ee00000, 0x000000070ee00000, 0x000000070ef00000|  0%| F|  |TAMS 0x000000070ee00000, 0x000000070ee00000| Untracked 
| 201|0x000000070ef00000, 0x000000070ef00000, 0x000000070f000000|  0%| F|  |TAMS 0x000000070ef00000, 0x000000070ef00000| Untracked 
| 202|0x000000070f000000, 0x000000070f000000, 0x000000070f100000|  0%| F|  |TAMS 0x000000070f000000, 0x000000070f000000| Untracked 
| 203|0x000000070f100000, 0x000000070f100000, 0x000000070f200000|  0%| F|  |TAMS 0x000000070f100000, 0x000000070f100000| Untracked 
| 204|0x000000070f200000, 0x000000070f200000, 0x000000070f300000|  0%| F|  |TAMS 0x000000070f200000, 0x000000070f200000| Untracked 
| 205|0x000000070f300000, 0x000000070f300000, 0x000000070f400000|  0%| F|  |TAMS 0x000000070f300000, 0x000000070f300000| Untracked 
| 206|0x000000070f400000, 0x000000070f400000, 0x000000070f500000|  0%| F|  |TAMS 0x000000070f400000, 0x000000070f400000| Untracked 
| 207|0x000000070f500000, 0x000000070f500000, 0x000000070f600000|  0%| F|  |TAMS 0x000000070f500000, 0x000000070f500000| Untracked 
| 208|0x000000070f600000, 0x000000070f600000, 0x000000070f700000|  0%| F|  |TAMS 0x000000070f600000, 0x000000070f600000| Untracked 
| 209|0x000000070f700000, 0x000000070f700000, 0x000000070f800000|  0%| F|  |TAMS 0x000000070f700000, 0x000000070f700000| Untracked 
| 210|0x000000070f800000, 0x000000070f800000, 0x000000070f900000|  0%| F|  |TAMS 0x000000070f800000, 0x000000070f800000| Untracked 
| 211|0x000000070f900000, 0x000000070f900000, 0x000000070fa00000|  0%| F|  |TAMS 0x000000070f900000, 0x000000070f900000| Untracked 
| 212|0x000000070fa00000, 0x000000070fa00000, 0x000000070fb00000|  0%| F|  |TAMS 0x000000070fa00000, 0x000000070fa00000| Untracked 
| 213|0x000000070fb00000, 0x000000070fb00000, 0x000000070fc00000|  0%| F|  |TAMS 0x000000070fb00000, 0x000000070fb00000| Untracked 
| 214|0x000000070fc00000, 0x000000070fc00000, 0x000000070fd00000|  0%| F|  |TAMS 0x000000070fc00000, 0x000000070fc00000| Untracked 
| 215|0x000000070fd00000, 0x000000070fd00000, 0x000000070fe00000|  0%| F|  |TAMS 0x000000070fd00000, 0x000000070fd00000| Untracked 
| 216|0x000000070fe00000, 0x000000070fe00000, 0x000000070ff00000|  0%| F|  |TAMS 0x000000070fe00000, 0x000000070fe00000| Untracked 
| 217|0x000000070ff00000, 0x000000070ff00000, 0x0000000710000000|  0%| F|  |TAMS 0x000000070ff00000, 0x000000070ff00000| Untracked 
| 218|0x0000000710000000, 0x0000000710000000, 0x0000000710100000|  0%| F|  |TAMS 0x0000000710000000, 0x0000000710000000| Untracked 
| 219|0x0000000710100000, 0x0000000710100000, 0x0000000710200000|  0%| F|  |TAMS 0x0000000710100000, 0x0000000710100000| Untracked 
| 220|0x0000000710200000, 0x0000000710200000, 0x0000000710300000|  0%| F|  |TAMS 0x0000000710200000, 0x0000000710200000| Untracked 
| 221|0x0000000710300000, 0x0000000710300000, 0x0000000710400000|  0%| F|  |TAMS 0x0000000710300000, 0x0000000710300000| Untracked 
| 222|0x0000000710400000, 0x0000000710400000, 0x0000000710500000|  0%| F|  |TAMS 0x0000000710400000, 0x0000000710400000| Untracked 
| 223|0x0000000710500000, 0x0000000710500000, 0x0000000710600000|  0%| F|  |TAMS 0x0000000710500000, 0x0000000710500000| Untracked 
| 224|0x0000000710600000, 0x0000000710600000, 0x0000000710700000|  0%| F|  |TAMS 0x0000000710600000, 0x0000000710600000| Untracked 
| 225|0x0000000710700000, 0x0000000710700000, 0x0000000710800000|  0%| F|  |TAMS 0x0000000710700000, 0x0000000710700000| Untracked 
| 226|0x0000000710800000, 0x0000000710800000, 0x0000000710900000|  0%| F|  |TAMS 0x0000000710800000, 0x0000000710800000| Untracked 
| 227|0x0000000710900000, 0x0000000710900000, 0x0000000710a00000|  0%| F|  |TAMS 0x0000000710900000, 0x0000000710900000| Untracked 
| 228|0x0000000710a00000, 0x0000000710a00000, 0x0000000710b00000|  0%| F|  |TAMS 0x0000000710a00000, 0x0000000710a00000| Untracked 
| 229|0x0000000710b00000, 0x0000000710b00000, 0x0000000710c00000|  0%| F|  |TAMS 0x0000000710b00000, 0x0000000710b00000| Untracked 
| 230|0x0000000710c00000, 0x0000000710c00000, 0x0000000710d00000|  0%| F|  |TAMS 0x0000000710c00000, 0x0000000710c00000| Untracked 
| 231|0x0000000710d00000, 0x0000000710d00000, 0x0000000710e00000|  0%| F|  |TAMS 0x0000000710d00000, 0x0000000710d00000| Untracked 
| 232|0x0000000710e00000, 0x0000000710e00000, 0x0000000710f00000|  0%| F|  |TAMS 0x0000000710e00000, 0x0000000710e00000| Untracked 
| 233|0x0000000710f00000, 0x0000000710f00000, 0x0000000711000000|  0%| F|  |TAMS 0x0000000710f00000, 0x0000000710f00000| Untracked 
| 234|0x0000000711000000, 0x0000000711000000, 0x0000000711100000|  0%| F|  |TAMS 0x0000000711000000, 0x0000000711000000| Untracked 
| 235|0x0000000711100000, 0x0000000711100000, 0x0000000711200000|  0%| F|  |TAMS 0x0000000711100000, 0x0000000711100000| Untracked 
| 236|0x0000000711200000, 0x0000000711200000, 0x0000000711300000|  0%| F|  |TAMS 0x0000000711200000, 0x0000000711200000| Untracked 
| 237|0x0000000711300000, 0x0000000711300000, 0x0000000711400000|  0%| F|  |TAMS 0x0000000711300000, 0x0000000711300000| Untracked 
| 238|0x0000000711400000, 0x0000000711400000, 0x0000000711500000|  0%| F|  |TAMS 0x0000000711400000, 0x0000000711400000| Untracked 
| 239|0x0000000711500000, 0x0000000711500000, 0x0000000711600000|  0%| F|  |TAMS 0x0000000711500000, 0x0000000711500000| Untracked 
| 240|0x0000000711600000, 0x0000000711600000, 0x0000000711700000|  0%| F|  |TAMS 0x0000000711600000, 0x0000000711600000| Untracked 
| 241|0x0000000711700000, 0x0000000711700000, 0x0000000711800000|  0%| F|  |TAMS 0x0000000711700000, 0x0000000711700000| Untracked 
| 242|0x0000000711800000, 0x0000000711800000, 0x0000000711900000|  0%| F|  |TAMS 0x0000000711800000, 0x0000000711800000| Untracked 
| 243|0x0000000711900000, 0x0000000711900000, 0x0000000711a00000|  0%| F|  |TAMS 0x0000000711900000, 0x0000000711900000| Untracked 
| 244|0x0000000711a00000, 0x0000000711a00000, 0x0000000711b00000|  0%| F|  |TAMS 0x0000000711a00000, 0x0000000711a00000| Untracked 
| 245|0x0000000711b00000, 0x0000000711b00000, 0x0000000711c00000|  0%| F|  |TAMS 0x0000000711b00000, 0x0000000711b00000| Untracked 
| 246|0x0000000711c00000, 0x0000000711c00000, 0x0000000711d00000|  0%| F|  |TAMS 0x0000000711c00000, 0x0000000711c00000| Untracked 
| 247|0x0000000711d00000, 0x0000000711d00000, 0x0000000711e00000|  0%| F|  |TAMS 0x0000000711d00000, 0x0000000711d00000| Untracked 
| 248|0x0000000711e00000, 0x0000000711e00000, 0x0000000711f00000|  0%| F|  |TAMS 0x0000000711e00000, 0x0000000711e00000| Untracked 
| 249|0x0000000711f00000, 0x0000000711f00000, 0x0000000712000000|  0%| F|  |TAMS 0x0000000711f00000, 0x0000000711f00000| Untracked 
| 250|0x0000000712000000, 0x0000000712000000, 0x0000000712100000|  0%| F|  |TAMS 0x0000000712000000, 0x0000000712000000| Untracked 
| 251|0x0000000712100000, 0x000000071218c4c8, 0x0000000712200000| 54%| S|CS|TAMS 0x0000000712100000, 0x0000000712100000| Complete 
| 252|0x0000000712200000, 0x0000000712200000, 0x0000000712300000|  0%| F|  |TAMS 0x0000000712200000, 0x0000000712200000| Untracked 
| 253|0x0000000712300000, 0x0000000712300000, 0x0000000712400000|  0%| F|  |TAMS 0x0000000712300000, 0x0000000712300000| Untracked 

Card table byte_map: [0x0000027398d70000,0x0000027399560000] _byte_map_base: 0x000002739555d000

Marking Bits (Prev, Next): (CMBitMap*) 0x000002738578f940, (CMBitMap*) 0x000002738578f908
 Prev Bits: [0x000002739dcc0000, 0x00000273a1c28000)
 Next Bits: [0x0000027399d50000, 0x000002739dcb8000)

Polling page: 0x0000027384f10000

Metaspace:

Usage:
  Non-class:     10.74 MB capacity,    10.59 MB ( 99%) used,   135.16 KB (  1%) free+waste,    14.88 KB ( <1%) overhead. 
      Class:      1.41 MB capacity,     1.30 MB ( 92%) used,   105.03 KB (  7%) free+waste,     7.44 KB ( <1%) overhead. 
       Both:     12.15 MB capacity,    11.90 MB ( 98%) used,   240.19 KB (  2%) free+waste,    22.31 KB ( <1%) overhead. 

Virtual space:
  Non-class space:       30.00 MB reserved,      10.75 MB ( 36%) committed 
      Class space:        1.00 GB reserved,       1.50 MB ( <1%) committed 
             Both:        1.03 GB reserved,      12.25 MB (  1%) committed 

Chunk freelists:
   Non-Class:  12.00 KB
       Class:  24.00 KB
        Both:  36.00 KB

MaxMetaspaceSize: 17179869184.00 GB
CompressedClassSpaceSize: 1.00 GB
Initial GC threshold: 20.80 MB
Current GC threshold: 21.45 MB
CDS: off

CodeHeap 'non-profiled nmethods': size=120000Kb used=361Kb max_used=361Kb free=119638Kb
 bounds [0x0000027390d20000, 0x0000027390f90000, 0x0000027398250000]
CodeHeap 'profiled nmethods': size=120000Kb used=1921Kb max_used=1921Kb free=118078Kb
 bounds [0x00000273897f0000, 0x0000027389a60000, 0x0000027390d20000]
CodeHeap 'non-nmethods': size=5760Kb used=1133Kb max_used=1148Kb free=4626Kb
 bounds [0x0000027389250000, 0x00000273894c0000, 0x00000273897f0000]
 total_blobs=1396 nmethods=1010 adapters=299
 compilation: enabled
              stopped_count=0, restarted_count=0
 full_count=0

Compilation events (20 events):
Event: 2.482 Thread 0x00000273a50b7000 nmethod 996 0x00000273899c9490 code [0x00000273899c9660, 0x00000273899c9a98]
Event: 2.482 Thread 0x00000273a50b7000  997       1       java.util.concurrent.ConcurrentHashMap$MapEntry::getKey (5 bytes)
Event: 2.482 Thread 0x00000273a50b7000 nmethod 997 0x0000027390d78e90 code [0x0000027390d79040, 0x0000027390d790f8]
Event: 2.482 Thread 0x00000273a50b7000  998       1       java.util.concurrent.ConcurrentHashMap$MapEntry::getValue (5 bytes)
Event: 2.482 Thread 0x00000273a50b7000 nmethod 998 0x0000027390d79190 code [0x0000027390d79340, 0x0000027390d793f8]
Event: 2.483 Thread 0x00000273a50b7000  999       3       java.nio.CharBuffer::limit (6 bytes)
Event: 2.483 Thread 0x00000273a50b7000 nmethod 999 0x00000273899c9c10 code [0x00000273899c9de0, 0x00000273899c9f88]
Event: 2.483 Thread 0x00000273a50b7000 1000       3       java.nio.CharBuffer::limit (8 bytes)
Event: 2.484 Thread 0x00000273a50b7000 nmethod 1000 0x00000273899ca090 code [0x00000273899ca240, 0x00000273899ca388]
Event: 2.486 Thread 0x00000273a50b7000 1002       3       java.lang.ProcessEnvironment$NameComparator::compare (90 bytes)
Event: 2.488 Thread 0x00000273a50b7000 nmethod 1002 0x00000273899ca410 code [0x00000273899ca740, 0x00000273899cb978]
Event: 2.488 Thread 0x00000273a50b7000 1001       3       java.lang.ProcessEnvironment$NameComparator::compare (13 bytes)
Event: 2.488 Thread 0x00000273a50b7000 nmethod 1001 0x00000273899cc210 code [0x00000273899cc3e0, 0x00000273899cc708]
Event: 2.497 Thread 0x00000273a50b7000 1004       3       jdk.internal.org.objectweb.asm.Item::<init> (5 bytes)
Event: 2.497 Thread 0x00000273a50b7000 nmethod 1004 0x00000273899cc810 code [0x00000273899cc9c0, 0x00000273899ccb18]
Event: 2.497 Thread 0x00000273a50b7000 1005       3       java.util.Arrays$ArrayItr::hasNext (18 bytes)
Event: 2.498 Thread 0x00000273a50b7000 nmethod 1005 0x00000273899ccc10 code [0x00000273899ccdc0, 0x00000273899ccf38]
Event: 2.502 Thread 0x00000273a5c18800 1006       4       java.util.concurrent.ConcurrentHashMap::get (162 bytes)
Event: 2.509 Thread 0x00000273a5c18800 nmethod 1006 0x0000027390d79790 code [0x0000027390d79940, 0x0000027390d79c18]
Event: 2.513 Thread 0x00000273a47bb800 1007   !   4       java.util.concurrent.ConcurrentHashMap::putVal (432 bytes)

GC Heap History (4 events):
Event: 2.166 GC heap before
{Heap before GC invocations=0 (full 0):
 garbage-first heap   total 260096K, used 29696K [0x0000000702600000, 0x0000000800000000)
  region size 1024K, 24 young (24576K), 0 survivors (0K)
 Metaspace       used 10371K, capacity 10554K, committed 10624K, reserved 1058816K
  class space    used 1054K, capacity 1135K, committed 1152K, reserved 1048576K
}
Event: 2.188 GC heap after
{Heap after GC invocations=1 (full 0):
 garbage-first heap   total 260096K, used 9415K [0x0000000702600000, 0x0000000800000000)
  region size 1024K, 3 young (3072K), 3 survivors (3072K)
 Metaspace       used 10371K, capacity 10554K, committed 10624K, reserved 1058816K
  class space    used 1054K, capacity 1135K, committed 1152K, reserved 1048576K
}
Event: 2.525 GC heap before
{Heap before GC invocations=1 (full 0):
 garbage-first heap   total 260096K, used 17607K [0x0000000702600000, 0x0000000800000000)
  region size 1024K, 12 young (12288K), 3 survivors (3072K)
 Metaspace       used 11895K, capacity 12102K, committed 12160K, reserved 1071104K
  class space    used 1294K, capacity 1376K, committed 1408K, reserved 1048576K
}
Event: 2.531 GC heap after
{Heap after GC invocations=2 (full 0):
 garbage-first heap   total 260096K, used 9788K [0x0000000702600000, 0x0000000800000000)
  region size 1024K, 4 young (4096K), 4 survivors (4096K)
 Metaspace       used 11895K, capacity 12102K, committed 12160K, reserved 1071104K
  class space    used 1294K, capacity 1376K, committed 1408K, reserved 1048576K
}

Deoptimization events (20 events):
Event: 1.966 Thread 0x000002738572c000 Uncommon trap: trap_request=0xffffffde fr.pc=0x0000027390d3e710 relative=0x00000000000003f0
Event: 1.966 Thread 0x000002738572c000 Uncommon trap: reason=class_check action=maybe_recompile pc=0x0000027390d3e710 method=java.util.regex.Matcher.match(II)Z @ 121 c2
Event: 1.966 Thread 0x000002738572c000 DEOPT PACKING pc=0x0000027390d3e710 sp=0x000000993befd430
Event: 1.967 Thread 0x000002738572c000 DEOPT UNPACKING pc=0x000002738929a1af sp=0x000000993befd3d8 mode 2
Event: 1.967 Thread 0x000002738572c000 Uncommon trap: trap_request=0xffffffde fr.pc=0x0000027390d3e710 relative=0x00000000000003f0
Event: 1.967 Thread 0x000002738572c000 Uncommon trap: reason=class_check action=maybe_recompile pc=0x0000027390d3e710 method=java.util.regex.Matcher.match(II)Z @ 121 c2
Event: 1.967 Thread 0x000002738572c000 DEOPT PACKING pc=0x0000027390d3e710 sp=0x000000993befd430
Event: 1.967 Thread 0x000002738572c000 DEOPT UNPACKING pc=0x000002738929a1af sp=0x000000993befd3d8 mode 2
Event: 1.969 Thread 0x000002738572c000 Uncommon trap: trap_request=0xffffffde fr.pc=0x0000027390d3e710 relative=0x00000000000003f0
Event: 1.969 Thread 0x000002738572c000 Uncommon trap: reason=class_check action=maybe_recompile pc=0x0000027390d3e710 method=java.util.regex.Matcher.match(II)Z @ 121 c2
Event: 1.969 Thread 0x000002738572c000 DEOPT PACKING pc=0x0000027390d3e710 sp=0x000000993befd2b0
Event: 1.969 Thread 0x000002738572c000 DEOPT UNPACKING pc=0x000002738929a1af sp=0x000000993befd258 mode 2
Event: 1.970 Thread 0x000002738572c000 Uncommon trap: trap_request=0xffffffde fr.pc=0x0000027390d3e710 relative=0x00000000000003f0
Event: 1.970 Thread 0x000002738572c000 Uncommon trap: reason=class_check action=maybe_recompile pc=0x0000027390d3e710 method=java.util.regex.Matcher.match(II)Z @ 121 c2
Event: 1.970 Thread 0x000002738572c000 DEOPT PACKING pc=0x0000027390d3e710 sp=0x000000993befd2b0
Event: 1.970 Thread 0x000002738572c000 DEOPT UNPACKING pc=0x000002738929a1af sp=0x000000993befd258 mode 2
Event: 2.002 Thread 0x000002738572c000 Uncommon trap: trap_request=0xffffff4d fr.pc=0x0000027390d635a4 relative=0x0000000000000264
Event: 2.002 Thread 0x000002738572c000 Uncommon trap: reason=unstable_if action=reinterpret pc=0x0000027390d635a4 method=java.util.HashMap.hash(Ljava/lang/Object;)I @ 1 c2
Event: 2.002 Thread 0x000002738572c000 DEOPT PACKING pc=0x0000027390d635a4 sp=0x000000993befd390
Event: 2.002 Thread 0x000002738572c000 DEOPT UNPACKING pc=0x000002738929a1af sp=0x000000993befd2c8 mode 2

Classes redefined (0 events):
No events

Internal exceptions (9 events):
Event: 0.491 Thread 0x000002738572c000 Exception <a 'java/lang/NoSuchMethodError'{0x000000071229edb0}: 'int java.lang.invoke.DirectMethodHandle$Holder.invokeSpecialIFC(java.lang.Object, java.lang.Object, int)'> (0x000000071229edb0) thrown at [./src/hotspot/share/interpreter/linkResolver.cpp, line 773]
Event: 0.681 Thread 0x000002738572c000 Exception <a 'java/lang/NoSuchMethodError'{0x000000071202b5c0}: 'int java.lang.invoke.DirectMethodHandle$Holder.invokeStaticInit(java.lang.Object, java.lang.Object)'> (0x000000071202b5c0) thrown at [./src/hotspot/share/interpreter/linkResolver.cpp, line 773]
Event: 0.805 Thread 0x000002738572c000 Exception <a 'java/lang/NoSuchMethodError'{0x00000007120fcf68}: 'int java.lang.invoke.DirectMethodHandle$Holder.invokeSpecial(java.lang.Object, java.lang.Object, java.lang.Object, java.lang.Object)'> (0x00000007120fcf68) thrown at [./src/hotspot/share/interpreter/linkResolver.cpp, line 773]
Event: 2.002 Thread 0x000002738572c000 Implicit null exception at 0x0000027390d63375 to 0x0000027390d63594
Event: 2.083 Thread 0x000002738572c000 Exception <a 'java/lang/NoClassDefFoundError'{0x0000000710de0070}: org/slf4j/impl/StaticMarkerBinder> (0x0000000710de0070) thrown at [./src/hotspot/share/classfile/systemDictionary.cpp, line 220]
Event: 2.147 Thread 0x000002738572c000 Exception <a 'java/lang/NoSuchMethodError'{0x0000000710cd9ca8}: 'java.lang.Object java.lang.invoke.DirectMethodHandle$Holder.invokeVirtual(java.lang.Object, java.lang.Object, java.lang.Object, java.lang.Object, java.lang.Object, java.lang.Object, java.lang.Object)'> (0x0000000710cd9ca8) thrown at [./src/hotspot/share/interpreter/linkResolver.cpp, line 773]
Event: 2.155 Thread 0x000002738572c000 Exception <a 'java/lang/NoSuchMethodError'{0x0000000710ced870}: 'java.lang.Object java.lang.invoke.Invokers$Holder.invoker(java.lang.Object, java.lang.Object, java.lang.Object)'> (0x0000000710ced870) thrown at [./src/hotspot/share/interpreter/linkResolver.cpp, line 773]
Event: 2.166 Thread 0x000002738572c000 Exception <a 'java/lang/NoSuchMethodError'{0x0000000710cfe730}: 'void java.lang.invoke.DelegatingMethodHandle$Holder.delegate(java.lang.Object, java.lang.Object, int, java.lang.Object)'> (0x0000000710cfe730) thrown at [./src/hotspot/share/interpreter/linkResolver.cpp, line 773]
Event: 2.468 Thread 0x000002738572c000 Exception <a 'java/lang/NoSuchMethodError'{0x0000000711dc5308}: 'java.lang.Object java.lang.invoke.DirectMethodHandle$Holder.invokeInterface(java.lang.Object, java.lang.Object, java.lang.Object)'> (0x0000000711dc5308) thrown at [./src/hotspot/share/interpreter/linkResolver.cpp, line 773]

Events (20 events):
Event: 2.544 loading class org/gradle/internal/Describables$AbstractDescribable
Event: 2.544 loading class org/gradle/internal/Describables$AbstractDescribable done
Event: 2.544 loading class org/gradle/api/internal/provider/AbstractProperty$FinalizedValue
Event: 2.544 loading class org/gradle/api/internal/provider/AbstractProperty$FinalizedValue done
Event: 2.546 loading class org/gradle/api/internal/provider/ValueSanitizers
Event: 2.546 loading class org/gradle/api/internal/provider/ValueSanitizers done
Event: 2.547 loading class org/gradle/api/internal/provider/ValueSanitizer
Event: 2.547 loading class org/gradle/api/internal/provider/ValueSanitizer done
Event: 2.547 loading class org/gradle/api/internal/provider/ValueCollector
Event: 2.547 loading class org/gradle/api/internal/provider/ValueCollector done
Event: 2.548 loading class org/gradle/api/internal/provider/ValueSanitizers$1
Event: 2.548 loading class org/gradle/api/internal/provider/ValueSanitizers$1 done
Event: 2.548 loading class org/gradle/api/internal/provider/ValueSanitizers$2
Event: 2.548 loading class org/gradle/api/internal/provider/ValueSanitizers$2 done
Event: 2.549 loading class org/gradle/api/internal/provider/ValueSanitizers$3
Event: 2.549 loading class org/gradle/api/internal/provider/ValueSanitizers$3 done
Event: 2.549 loading class org/gradle/api/internal/provider/ValueSanitizers$4
Event: 2.549 loading class org/gradle/api/internal/provider/ValueSanitizers$4 done
Event: 2.550 loading class org/gradle/api/internal/provider/Providers
Event: 2.550 loading class org/gradle/api/internal/provider/Providers done


Dynamic libraries:
0x00007ff726e90000 - 0x00007ff726e9a000 	C:\Program Files\Android\Android Studio\jre\bin\java.exe
0x00007ffd9cef0000 - 0x00007ffd9d0e8000 	C:\WINDOWS\SYSTEM32\ntdll.dll
0x00007ffd9c7f0000 - 0x00007ffd9c8af000 	C:\WINDOWS\System32\KERNEL32.DLL
0x00007ffd9acf0000 - 0x00007ffd9afc2000 	C:\WINDOWS\System32\KERNELBASE.dll
0x00007ffd9abf0000 - 0x00007ffd9acf0000 	C:\WINDOWS\System32\ucrtbase.dll
0x00007ffd6a690000 - 0x00007ffd6a6a9000 	C:\Program Files\Android\Android Studio\jre\bin\jli.dll
0x00007ffd6a670000 - 0x00007ffd6a687000 	C:\Program Files\Android\Android Studio\jre\bin\VCRUNTIME140.dll
0x00007ffd9cb20000 - 0x00007ffd9ccbd000 	C:\WINDOWS\System32\USER32.dll
0x00007ffd81ed0000 - 0x00007ffd8216a000 	C:\WINDOWS\WinSxS\amd64_microsoft.windows.common-controls_6595b64144ccf1df_6.0.19041.1110_none_60b5254171f9507e\COMCTL32.dll
0x00007ffd9a680000 - 0x00007ffd9a6a2000 	C:\WINDOWS\System32\win32u.dll
0x00007ffd9cd80000 - 0x00007ffd9ce1e000 	C:\WINDOWS\System32\msvcrt.dll
0x00007ffd9c0c0000 - 0x00007ffd9c0eb000 	C:\WINDOWS\System32\GDI32.dll
0x00007ffd9a860000 - 0x00007ffd9a96f000 	C:\WINDOWS\System32\gdi32full.dll
0x00007ffd9a9f0000 - 0x00007ffd9aa8d000 	C:\WINDOWS\System32\msvcp_win.dll
0x00007ffd9b1e0000 - 0x00007ffd9b212000 	C:\WINDOWS\System32\IMM32.DLL
0x00007ffd68440000 - 0x00007ffd684dd000 	C:\Program Files\Android\Android Studio\jre\bin\msvcp140.dll
0x00007ffd3a860000 - 0x00007ffd3b362000 	C:\Program Files\Android\Android Studio\jre\bin\server\jvm.dll
0x00007ffd9b130000 - 0x00007ffd9b1de000 	C:\WINDOWS\System32\ADVAPI32.dll
0x00007ffd9afd0000 - 0x00007ffd9b06c000 	C:\WINDOWS\System32\sechost.dll
0x00007ffd9be60000 - 0x00007ffd9bf85000 	C:\WINDOWS\System32\RPCRT4.dll
0x00007ffd9cd70000 - 0x00007ffd9cd78000 	C:\WINDOWS\System32\PSAPI.DLL
0x00007ffd925d0000 - 0x00007ffd925d9000 	C:\WINDOWS\SYSTEM32\WSOCK32.dll
0x00007ffd83480000 - 0x00007ffd834a7000 	C:\WINDOWS\SYSTEM32\WINMM.dll
0x00007ffd8ca10000 - 0x00007ffd8ca1a000 	C:\WINDOWS\SYSTEM32\VERSION.dll
0x00007ffd9c8b0000 - 0x00007ffd9c91b000 	C:\WINDOWS\System32\WS2_32.dll
0x00007ffd98ee0000 - 0x00007ffd98ef2000 	C:\WINDOWS\SYSTEM32\kernel.appcore.dll
0x00007ffd3e770000 - 0x00007ffd3e781000 	C:\Program Files\Android\Android Studio\jre\bin\verify.dll
0x00007ffd989e0000 - 0x00007ffd98bc4000 	C:\WINDOWS\SYSTEM32\DBGHELP.DLL
0x00007ffd7d930000 - 0x00007ffd7d95c000 	C:\WINDOWS\SYSTEM32\dbgcore.DLL
0x00007ffd9a720000 - 0x00007ffd9a7a2000 	C:\WINDOWS\System32\bcryptPrimitives.dll
0x00007ffd3e740000 - 0x00007ffd3e769000 	C:\Program Files\Android\Android Studio\jre\bin\java.dll
0x00007ffd925c0000 - 0x00007ffd925cb000 	C:\Program Files\Android\Android Studio\jre\bin\jimage.dll
0x00007ffd3e720000 - 0x00007ffd3e738000 	C:\Program Files\Android\Android Studio\jre\bin\zip.dll
0x00007ffd9b240000 - 0x00007ffd9b983000 	C:\WINDOWS\System32\SHELL32.dll
0x00007ffd98180000 - 0x00007ffd98912000 	C:\WINDOWS\SYSTEM32\windows.storage.dll
0x00007ffd9c0f0000 - 0x00007ffd9c444000 	C:\WINDOWS\System32\combase.dll
0x00007ffd9a000000 - 0x00007ffd9a030000 	C:\WINDOWS\SYSTEM32\Wldp.dll
0x00007ffd9c450000 - 0x00007ffd9c4fd000 	C:\WINDOWS\System32\SHCORE.dll
0x00007ffd9be00000 - 0x00007ffd9be55000 	C:\WINDOWS\System32\shlwapi.dll
0x00007ffd9a5c0000 - 0x00007ffd9a5df000 	C:\WINDOWS\SYSTEM32\profapi.dll
0x00007ffd3a840000 - 0x00007ffd3a85a000 	C:\Program Files\Android\Android Studio\jre\bin\net.dll
0x00007ffd8f530000 - 0x00007ffd8f63c000 	C:\WINDOWS\SYSTEM32\WINHTTP.dll
0x00007ffd99de0000 - 0x00007ffd99e4a000 	C:\WINDOWS\system32\mswsock.dll
0x00007ffd3a820000 - 0x00007ffd3a834000 	C:\Program Files\Android\Android Studio\jre\bin\nio.dll
0x00007ffd68410000 - 0x00007ffd68437000 	C:\Users\Hammad Arshad\.gradle\native\e1d6ef7f7dcc3fd88c89a11ec53ec762bb8ba0a96d01ffa2cd45eb1d1d8dd5c5\windows-amd64\native-platform.dll
0x00007ffd6a350000 - 0x00007ffd6a35a000 	C:\Program Files\Android\Android Studio\jre\bin\management.dll
0x00007ffd667e0000 - 0x00007ffd667ed000 	C:\Program Files\Android\Android Studio\jre\bin\management_ext.dll

dbghelp: loaded successfully - version: 4.0.5 - missing functions: none
symbol engine: initialized successfully - sym options: 0x614 - pdb path: .;C:\Program Files\Android\Android Studio\jre\bin;C:\WINDOWS\SYSTEM32;C:\WINDOWS\WinSxS\amd64_microsoft.windows.common-controls_6595b64144ccf1df_6.0.19041.1110_none_60b5254171f9507e;C:\Program Files\Android\Android Studio\jre\bin\server;C:\Users\Hammad Arshad\.gradle\native\e1d6ef7f7dcc3fd88c89a11ec53ec762bb8ba0a96d01ffa2cd45eb1d1d8dd5c5\windows-amd64

VM Arguments:
jvm_args: -Dorg.gradle.appname=gradlew 
java_command: org.gradle.wrapper.GradleWrapperMain -q -Ptarget-platform=android-x64 -Ptarget=F:\Development\Flutter\weatherapp_starter_project\lib\main.dart -Pbase-application-name=android.app.Application -Pdart-defines=Zmx1dHRlci5pbnNwZWN0b3Iuc3RydWN0dXJlZEVycm9ycz10cnVl,RkxVVFRFUl9XRUJfQVVUT19ERVRFQ1Q9dHJ1ZQ== -Pdart-obfuscation=false -Ptrack-widget-creation=true -Ptree-shake-icons=false -Pfilesystem-scheme=org-dartlang-root assembleDebug
java_class_path (initial): F:\Development\Flutter\weatherapp_starter_project\android\\gradle\wrapper\gradle-wrapper.jar
Launcher Type: SUN_STANDARD

[Global flags]
     intx CICompilerCount                          = 4                                         {product} {ergonomic}
     uint ConcGCThreads                            = 2                                         {product} {ergonomic}
     uint G1ConcRefinementThreads                  = 8                                         {product} {ergonomic}
   size_t G1HeapRegionSize                         = 1048576                                   {product} {ergonomic}
    uintx GCDrainStackTargetSize                   = 64                                        {product} {ergonomic}
   size_t InitialHeapSize                          = 266338304                                 {product} {ergonomic}
   size_t MarkStackSize                            = 4194304                                   {product} {ergonomic}
   size_t MaxHeapSize                              = 4255121408                                {product} {ergonomic}
   size_t MaxNewSize                               = 2552233984                                {product} {ergonomic}
   size_t MinHeapDeltaBytes                        = 1048576                                   {product} {ergonomic}
    uintx NonNMethodCodeHeapSize                   = 5836300                                {pd product} {ergonomic}
    uintx NonProfiledCodeHeapSize                  = 122910970                              {pd product} {ergonomic}
    uintx ProfiledCodeHeapSize                     = 122910970                              {pd product} {ergonomic}
    uintx ReservedCodeCacheSize                    = 251658240                              {pd product} {ergonomic}
     bool SegmentedCodeCache                       = true                                      {product} {ergonomic}
     bool UseCompressedClassPointers               = true                                 {lp64_product} {ergonomic}
     bool UseCompressedOops                        = true                                 {lp64_product} {ergonomic}
     bool UseG1GC                                  = true                                      {product} {ergonomic}
     bool UseLargePagesIndividualAllocation        = false                                  {pd product} {ergonomic}

Logging:
Log output configuration:
 #0: stdout all=warning uptime,level,tags
 #1: stderr all=off uptime,level,tags

Environment Variables:
JAVA_HOME=C:\Program Files\Android\Android Studio\jre
CLASSPATH=F:\Development\Flutter\weatherapp_starter_project\android\\gradle\wrapper\gradle-wrapper.jar
PATH=C:\Program Files\Python310\Scripts\;C:\Program Files\Python310\;C:\WINDOWS\system32;C:\WINDOWS;C:\WINDOWS\System32\Wbem;C:\WINDOWS\System32\WindowsPowerShell\v1.0\;C:\WINDOWS\System32\OpenSSH\;C:\Program Files\Git\cmd;C:\Program Files\nodejs\;E:\xampp8\php;C:\ProgramData\ComposerSetup\bin;C:\Program Files\Microsoft SQL Server\150\Tools\Binn\;C:\Program Files\dotnet\;C:\Users\Hammad Arshad\AppData\Local\Microsoft\WindowsApps;C:\Users\Hammad Arshad\AppData\Roaming\npm;C:\Users\Hammad Arshad\AppData\Roaming\Composer\vendor\bin;C:\Users\Hammad Arshad\.dotnet\tools;C:\Program Files\JetBrains\PyCharm Community Edition 2022.1.1\bin;;C:\Program Files\JetBrains\DataGrip 2022.2.1\bin;;C:\Users\Hammad Arshad\AppData\Local\Programs\Microsoft VS Code\bin;E:\xampp8\php;C:\src\flutter\bin;;C:\src\flutter\bin\mingit\cmd
USERNAME=Hammad Arshad
OS=Windows_NT
PROCESSOR_IDENTIFIER=Intel64 Family 6 Model 142 Stepping 10, GenuineIntel



---------------  S Y S T E M  ---------------

OS: Windows 10 , 64 bit Build 19041 (10.0.19041.2251)
OS uptime: 1 days 3:51 hours
Hyper-V role detected

CPU:total 8 (initial active 8) (4 cores per cpu, 2 threads per core) family 6 model 142 stepping 10 microcode 0xe0, cmov, cx8, fxsr, mmx, sse, sse2, sse3, ssse3, sse4.1, sse4.2, popcnt, avx, avx2, aes, clmul, erms, rtm, 3dnowpref, lzcnt, ht, tsc, tscinvbit, bmi1, bmi2, adx, fma

Memory: 4k page, system-wide physical 16227M (2726M free)
TotalPageFile size 28914M (AvailPageFile size 5M)
current process WorkingSet (physical memory assigned to process): 99M, peak: 99M
current process commit charge ("private bytes"): 357M, peak: 358M

vm_info: OpenJDK 64-Bit Server VM (11.0.13+0-b1751.21-8125866) for windows-amd64 JRE (11.0.13+0-b1751.21-8125866), built on Feb  2 2022 03:00:22 by "builder" with MS VC++ 14.0 (VS2015)

END.
